<?xml version="1.0" encoding="UTF-8"?>
<!-- Generated by org.testng.reporters.JUnitReportReporter -->
<testsuite skipped="0" hostname="LAPTOP-Q9TFL0ME" name="com.twilioTests.TwilioEmailTest" tests="1" failures="0" timestamp="08 Feb 2022 18:40:47 GMT" time="114.949" errors="0">
  <testcase name="Inbound_NM_CustomerEmailToTwilio" time="114.949" classname="com.twilioTests.TwilioEmailTest"/>
</testsuite> <!-- com.twilioTests.TwilioEmailTest -->
